Log file open, 11/11/19 19:10:07
LogWindows: Failed to load 'aqProf.dll' (GetLastError=126)
LogWindows: File 'aqProf.dll' does not exist
LogWindows: Failed to load 'VtuneApi.dll' (GetLastError=126)
LogWindows: File 'VtuneApi.dll' does not exist
LogWindows: Failed to load 'VtuneApi32e.dll' (GetLastError=126)
LogWindows: File 'VtuneApi32e.dll' does not exist
LogConsoleResponse: Display: Failed to find resolution value strings in scalability ini. Falling back to default.
LogInit: Display: Running engine for game: Torkey
LogPlatformFile: Not using cached read wrapper
LogTaskGraph: Started task graph with 5 named threads and 23 total threads with 3 sets of task threads.
LogStats: Stats thread started at 0.066977
LogD3D11RHI: Loaded GFSDK_Aftermath_Lib.x64.dll
LogICUInternationalization: ICU TimeZone Detection - Raw Offset: -5:00, Platform Override: ''
LogPluginManager: Mounting plugin Paper2D
LogPluginManager: Mounting plugin AISupport
LogPluginManager: Mounting plugin LightPropagationVolume
LogPluginManager: Mounting plugin ActorLayerUtilities
LogPluginManager: Mounting plugin AnimationSharing
LogPluginManager: Mounting plugin CLionSourceCodeAccess
LogPluginManager: Mounting plugin CodeLiteSourceCodeAccess
LogPluginManager: Mounting plugin GitSourceControl
LogPluginManager: Mounting plugin KDevelopSourceCodeAccess
LogPluginManager: Mounting plugin NullSourceCodeAccess
LogPluginManager: Mounting plugin PerforceSourceControl
LogPluginManager: Mounting plugin SubversionSourceControl
LogPluginManager: Mounting plugin UObjectPlugin
LogPluginManager: Mounting plugin VisualStudioCodeSourceCodeAccess
LogPluginManager: Mounting plugin VisualStudioSourceCodeAccess
LogPluginManager: Mounting plugin XCodeSourceCodeAccess
LogPluginManager: Mounting plugin AssetManagerEditor
LogPluginManager: Mounting plugin CryptoKeys
LogPluginManager: Mounting plugin CurveEditorTools
LogPluginManager: Mounting plugin DataValidation
LogPluginManager: Mounting plugin FacialAnimation
LogPluginManager: Mounting plugin GameplayTagsEditor
LogPluginManager: Mounting plugin MacGraphicsSwitching
LogPluginManager: Mounting plugin MaterialAnalyzer
LogPluginManager: Mounting plugin MobileLauncherProfileWizard
LogPluginManager: Mounting plugin PluginBrowser
LogPluginManager: Mounting plugin SpeedTreeImporter
LogPluginManager: Mounting plugin DatasmithContent
LogPluginManager: Mounting plugin VariantManagerContent
LogPluginManager: Mounting plugin AlembicImporter
LogPluginManager: Mounting plugin AutomationUtils
LogPluginManager: Mounting plugin BackChannel
LogPluginManager: Mounting plugin CharacterAI
LogPluginManager: Mounting plugin GeometryCache
LogPluginManager: Mounting plugin HTML5Networking
LogPluginManager: Mounting plugin PlatformCrypto
LogPluginManager: Mounting plugin ProxyLODPlugin
LogPluginManager: Mounting plugin SkeletalReduction
LogPluginManager: Mounting plugin MagicLeap
LogPluginManager: Mounting plugin MagicLeapMedia
LogPluginManager: Mounting plugin AndroidMedia
LogPluginManager: Mounting plugin AvfMedia
LogPluginManager: Mounting plugin ImgMedia
LogPluginManager: Mounting plugin MediaCompositing
LogPluginManager: Mounting plugin MediaPlayerEditor
LogPluginManager: Mounting plugin WebMMedia
LogPluginManager: Mounting plugin WmfMedia
LogPluginManager: Mounting plugin TcpMessaging
LogPluginManager: Mounting plugin UdpMessaging
LogPluginManager: Mounting plugin ActorSequence
LogPluginManager: Mounting plugin LevelSequenceEditor
LogPluginManager: Mounting plugin MatineeToLevelSequence
LogPluginManager: Mounting plugin NetcodeUnitTest
LogPluginManager: Mounting plugin NUTUnrealEngine4
LogPluginManager: Mounting plugin OnlineSubsystemGooglePlay
LogPluginManager: Mounting plugin OnlineSubsystemIOS
LogPluginManager: Mounting plugin OnlineSubsystem
LogPluginManager: Mounting plugin OnlineSubsystemNull
LogPluginManager: Mounting plugin OnlineSubsystemUtils
LogPluginManager: Mounting plugin LauncherChunkInstaller
LogPluginManager: Mounting plugin AndroidDeviceProfileSelector
LogPluginManager: Mounting plugin AndroidMoviePlayer
LogPluginManager: Mounting plugin AndroidPermission
LogPluginManager: Mounting plugin AppleImageUtils
LogPluginManager: Mounting plugin AppleMoviePlayer
LogPluginManager: Mounting plugin ArchVisCharacter
LogPluginManager: Mounting plugin AudioCapture
LogPluginManager: Mounting plugin CableComponent
LogPluginManager: Mounting plugin CustomMeshComponent
LogPluginManager: Mounting plugin EditableMesh
LogPluginManager: Mounting plugin ExampleDeviceProfileSelector
LogPluginManager: Mounting plugin GoogleCloudMessaging
LogPluginManager: Mounting plugin IOSDeviceProfileSelector
LogPluginManager: Mounting plugin LinuxDeviceProfileSelector
LogPluginManager: Mounting plugin LocationServicesBPLibrary
LogPluginManager: Mounting plugin MobilePatchingUtils
LogPluginManager: Mounting plugin OculusVR
LogPluginManager: Mounting plugin PhysXVehicles
LogPluginManager: Mounting plugin ProceduralMeshComponent
LogPluginManager: Mounting plugin RuntimePhysXCooking
LogPluginManager: Mounting plugin SignificanceManager
LogPluginManager: Mounting plugin SteamVR
LogPluginManager: Mounting plugin WebMMoviePlayer
LogPluginManager: Mounting plugin WindowsMoviePlayer
LogPluginManager: Mounting plugin ScreenshotTools
LogInit: Using libcurl 7.55.1-DEV
LogInit:  - built for x86_64-pc-win32
LogInit:  - supports SSL with OpenSSL/1.1.1
LogInit:  - supports HTTP deflate (compression) using libz 1.2.8
LogInit:  - other features:
LogInit:      CURL_VERSION_SSL
LogInit:      CURL_VERSION_LIBZ
LogInit:      CURL_VERSION_IPV6
LogInit:      CURL_VERSION_ASYNCHDNS
LogInit:      CURL_VERSION_LARGEFILE
LogInit:      CURL_VERSION_IDN
LogInit:  CurlRequestOptions (configurable via config and command line):
LogInit:  - bVerifyPeer = true  - Libcurl will verify peer certificate
LogInit:  - bUseHttpProxy = false  - Libcurl will NOT use HTTP proxy
LogInit:  - bDontReuseConnections = false  - Libcurl will reuse connections
LogInit:  - MaxHostConnections = 16  - Libcurl will limit the number of connections to a host
LogInit:  - LocalHostAddr = Default
LogInit:  - BufferSize = 65536
LogOnline: OSS: Creating online subsystem instance for: NULL
LogInit: WinSock: version 1.1 (2.2), MaxSocks=32767, MaxUdp=65467
LogInit: Build: ++UE4+Release-4.23-CL-8386587
LogInit: Engine Version: 4.23.0-8386587+++UE4+Release-4.23
LogInit: Compatible Engine Version: 4.23.0-8386587+++UE4+Release-4.23
LogInit: Net CL: 8386587
LogInit: OS: Windows 10 (Release 1903) (), CPU: Intel(R) Core(TM) i7-7700 CPU @ 3.60GHz, GPU: NVIDIA GeForce GTX 1070
LogInit: Compiled (64-bit): Aug 31 2019 02:04:44
LogInit: Compiled with Visual C++: 19.16.27030.01
LogInit: Build Configuration: Development
LogInit: Branch Name: ++UE4+Release-4.23
LogInit: Command Line: 
LogInit: Base Directory: C:/Program Files/Epic Games/UE_4.23/Engine/Binaries/Win64/
LogInit: Installed Engine Build: 1
LogDevObjectVersion: Number of dev versions registered: 23
LogDevObjectVersion:   Dev-Blueprints (B0D832E4-1F89-4F0D-ACCF-7EB736FD4AA2): 10
LogDevObjectVersion:   Dev-Build (E1C64328-A22C-4D53-A36C-8E866417BD8C): 0
LogDevObjectVersion:   Dev-Core (375EC13C-06E4-48FB-B500-84F0262A717E): 3
LogDevObjectVersion:   Dev-Editor (E4B068ED-F494-42E9-A231-DA0B2E46BB41): 34
LogDevObjectVersion:   Dev-Framework (CFFC743F-43B0-4480-9391-14DF171D2073): 35
LogDevObjectVersion:   Dev-Mobile (B02B49B5-BB20-44E9-A304-32B752E40360): 2
LogDevObjectVersion:   Dev-Networking (A4E4105C-59A1-49B5-A7C5-40C4547EDFEE): 0
LogDevObjectVersion:   Dev-Online (39C831C9-5AE6-47DC-9A44-9C173E1C8E7C): 0
LogDevObjectVersion:   Dev-Physics (78F01B33-EBEA-4F98-B9B4-84EACCB95AA2): 0
LogDevObjectVersion:   Dev-Platform (6631380F-2D4D-43E0-8009-CF276956A95A): 0
LogDevObjectVersion:   Dev-Rendering (12F88B9F-8875-4AFC-A67C-D90C383ABD29): 31
LogDevObjectVersion:   Dev-Sequencer (7B5AE74C-D270-4C10-A958-57980B212A5A): 11
LogDevObjectVersion:   Dev-VR (D7296918-1DD6-4BDD-9DE2-64A83CC13884): 2
LogDevObjectVersion:   Dev-LoadTimes (C2A15278-BFE7-4AFE-6C17-90FF531DF755): 1
LogDevObjectVersion:   Private-Geometry (6EACA3D4-40EC-4CC1-B786-8BED09428FC5): 3
LogDevObjectVersion:   Dev-AnimPhys (29E575DD-E0A3-4627-9D10-D276232CDCEA): 17
LogDevObjectVersion:   Dev-Anim (AF43A65D-7FD3-4947-9873-3E8ED9C1BB05): 2
LogDevObjectVersion:   Dev-ReflectionCapture (6B266CEC-1EC7-4B8F-A30B-E4D90942FC07): 1
LogDevObjectVersion:   Dev-Automation (0DF73D61-A23F-47EA-B727-89E90C41499A): 1
LogDevObjectVersion:   FortniteMain (601D1886-AC64-4F84-AA16-D3DE0DEAC7D6): 27
LogDevObjectVersion:   Dev-Enterprise (9DFFBCD6-494F-0158-E221-12823C92A888): 6
LogDevObjectVersion:   Dev-Niagara (F2AED0AC-9AFE-416F-8664-AA7FFA26D6FC): 1
LogDevObjectVersion:   Dev-Destruction (174F1F0B-B4C6-45A5-B13F-2EE8D0FB917D): 9
LogInit: Presizing for max 16777216 objects, including 0 objects not considered by GC, pre-allocating 0 bytes for permanent pool.
LogInit: Object subsystem initialized
LogConfig: Setting CVar [[con.DebugEarlyDefault:1]]
LogConfig: Setting CVar [[r.setres:1280x720]]
[2019.11.12-00.10.07:864][  0]LogConfig: Setting CVar [[r.VSync:0]]
[2019.11.12-00.10.07:864][  0]LogConfig: Setting CVar [[r.RHICmdBypass:0]]
[2019.11.12-00.10.07:864][  0]LogConfig: Applying CVar settings from Section [/Script/Engine.RendererSettings] File [C:/Users/skaffenb/Documents/Unreal Projects/Torkey/Saved/Config/Windows/Engine.ini]
[2019.11.12-00.10.07:864][  0]LogConfig: Setting CVar [[r.GPUCrashDebugging:0]]
[2019.11.12-00.10.07:864][  0]LogConfig: Setting CVar [[r.MobileHDR:0]]
[2019.11.12-00.10.07:864][  0]LogConfig: Applying CVar settings from Section [/Script/Engine.RendererOverrideSettings] File [C:/Users/skaffenb/Documents/Unreal Projects/Torkey/Saved/Config/Windows/Engine.ini]
[2019.11.12-00.10.07:864][  0]LogConfig: Applying CVar settings from Section [/Script/Engine.StreamingSettings] File [C:/Users/skaffenb/Documents/Unreal Projects/Torkey/Saved/Config/Windows/Engine.ini]
[2019.11.12-00.10.07:864][  0]LogConfig: Setting CVar [[s.MinBulkDataSizeForAsyncLoading:131072]]
[2019.11.12-00.10.07:864][  0]LogConfig: Setting CVar [[s.AsyncLoadingThreadEnabled:0]]
[2019.11.12-00.10.07:864][  0]LogConfig: Setting CVar [[s.EventDrivenLoaderEnabled:1]]
[2019.11.12-00.10.07:864][  0]LogConfig: Setting CVar [[s.WarnIfTimeLimitExceeded:0]]
[2019.11.12-00.10.07:864][  0]LogConfig: Setting CVar [[s.TimeLimitExceededMultiplier:1.5]]
[2019.11.12-00.10.07:864][  0]LogConfig: Setting CVar [[s.TimeLimitExceededMinTime:0.005]]
[2019.11.12-00.10.07:864][  0]LogConfig: Setting CVar [[s.UseBackgroundLevelStreaming:1]]
[2019.11.12-00.10.07:864][  0]LogConfig: Setting CVar [[s.PriorityAsyncLoadingExtraTime:15.0]]
[2019.11.12-00.10.07:864][  0]LogConfig: Setting CVar [[s.LevelStreamingActorsUpdateTimeLimit:5.0]]
[2019.11.12-00.10.07:864][  0]LogConfig: Setting CVar [[s.PriorityLevelStreamingActorsUpdateExtraTime:5.0]]
[2019.11.12-00.10.07:864][  0]LogConfig: Setting CVar [[s.LevelStreamingComponentsRegistrationGranularity:10]]
[2019.11.12-00.10.07:864][  0]LogConfig: Setting CVar [[s.UnregisterComponentsTimeLimit:1.0]]
[2019.11.12-00.10.07:864][  0]LogConfig: Setting CVar [[s.LevelStreamingComponentsUnregistrationGranularity:5]]
[2019.11.12-00.10.07:864][  0]LogConfig: Applying CVar settings from Section [/Script/Engine.GarbageCollectionSettings] File [C:/Users/skaffenb/Documents/Unreal Projects/Torkey/Saved/Config/Windows/Engine.ini]
[2019.11.12-00.10.07:864][  0]LogConfig: Setting CVar [[gc.MaxObjectsNotConsideredByGC:1]]
[2019.11.12-00.10.07:864][  0]LogConfig: Setting CVar [[gc.SizeOfPermanentObjectPool:0]]
[2019.11.12-00.10.07:864][  0]LogConfig: Setting CVar [[gc.FlushStreamingOnGC:0]]
[2019.11.12-00.10.07:864][  0]LogConfig: Setting CVar [[gc.NumRetriesBeforeForcingGC:10]]
[2019.11.12-00.10.07:864][  0]LogConfig: Setting CVar [[gc.AllowParallelGC:1]]
[2019.11.12-00.10.07:864][  0]LogConfig: Setting CVar [[gc.TimeBetweenPurgingPendingKillObjects:61.1]]
[2019.11.12-00.10.07:864][  0]LogConfig: Setting CVar [[gc.MaxObjectsInEditor:16777216]]
[2019.11.12-00.10.07:864][  0]LogConfig: Setting CVar [[gc.IncrementalBeginDestroyEnabled:1]]
[2019.11.12-00.10.07:864][  0]LogConfig: Setting CVar [[gc.CreateGCClusters:1]]
[2019.11.12-00.10.07:864][  0]LogConfig: Setting CVar [[gc.MinGCClusterSize:5]]
[2019.11.12-00.10.07:864][  0]LogConfig: Setting CVar [[gc.ActorClusteringEnabled:0]]
[2019.11.12-00.10.07:864][  0]LogConfig: Setting CVar [[gc.BlueprintClusteringEnabled:0]]
[2019.11.12-00.10.07:864][  0]LogConfig: Setting CVar [[gc.UseDisregardForGCOnDedicatedServers:0]]
[2019.11.12-00.10.07:864][  0]LogConfig: Applying CVar settings from Section [/Script/Engine.NetworkSettings] File [C:/Users/skaffenb/Documents/Unreal Projects/Torkey/Saved/Config/Windows/Engine.ini]
[2019.11.12-00.10.07:864][  0]LogConfig: Applying CVar settings from Section [/Script/UnrealEd.CookerSettings] File [C:/Users/skaffenb/Documents/Unreal Projects/Torkey/Saved/Config/Windows/Engine.ini]
[2019.11.12-00.10.07:866][  0]LogConfig: Applying CVar settings from Section [ViewDistanceQuality@3] File [C:/Users/skaffenb/Documents/Unreal Projects/Torkey/Saved/Config/Windows/Scalability.ini]
[2019.11.12-00.10.07:866][  0]LogConfig: Setting CVar [[r.SkeletalMeshLODBias:0]]
[2019.11.12-00.10.07:866][  0]LogConfig: Setting CVar [[r.ViewDistanceScale:1.0]]
[2019.11.12-00.10.07:866][  0]LogConfig: Applying CVar settings from Section [AntiAliasingQuality@3] File [C:/Users/skaffenb/Documents/Unreal Projects/Torkey/Saved/Config/Windows/Scalability.ini]
[2019.11.12-00.10.07:866][  0]LogConfig: Setting CVar [[r.PostProcessAAQuality:4]]
[2019.11.12-00.10.07:866][  0]LogConfig: Applying CVar settings from Section [ShadowQuality@3] File [C:/Users/skaffenb/Documents/Unreal Projects/Torkey/Saved/Config/Windows/Scalability.ini]
[2019.11.12-00.10.07:866][  0]LogConfig: Setting CVar [[r.LightFunctionQuality:1]]
[2019.11.12-00.10.07:866][  0]LogConfig: Setting CVar [[r.ShadowQuality:5]]
[2019.11.12-00.10.07:866][  0]LogConfig: Setting CVar [[r.Shadow.CSM.MaxCascades:10]]
[2019.11.12-00.10.07:866][  0]LogConfig: Setting CVar [[r.Shadow.MaxResolution:2048]]
[2019.11.12-00.10.07:866][  0]LogConfig: Setting CVar [[r.Shadow.MaxCSMResolution:2048]]
[2019.11.12-00.10.07:866][  0]LogConfig: Setting CVar [[r.Shadow.RadiusThreshold:0.01]]
[2019.11.12-00.10.07:866][  0]LogConfig: Setting CVar [[r.Shadow.DistanceScale:1.0]]
[2019.11.12-00.10.07:866][  0]LogConfig: Setting CVar [[r.Shadow.CSM.TransitionScale:1.0]]
[2019.11.12-00.10.07:866][  0]LogConfig: Setting CVar [[r.Shadow.PreShadowResolutionFactor:1.0]]
[2019.11.12-00.10.07:866][  0]LogConfig: Setting CVar [[r.DistanceFieldShadowing:1]]
[2019.11.12-00.10.07:866][  0]LogConfig: Setting CVar [[r.DistanceFieldAO:1]]
[2019.11.12-00.10.07:866][  0]LogConfig: Setting CVar [[r.AOQuality:2]]
[2019.11.12-00.10.07:866][  0]LogConfig: Setting CVar [[r.VolumetricFog:1]]
[2019.11.12-00.10.07:866][  0]LogConfig: Setting CVar [[r.VolumetricFog.GridPixelSize:8]]
[2019.11.12-00.10.07:866][  0]LogConfig: Setting CVar [[r.VolumetricFog.GridSizeZ:128]]
[2019.11.12-00.10.07:866][  0]LogConfig: Setting CVar [[r.VolumetricFog.HistoryMissSupersampleCount:4]]
[2019.11.12-00.10.07:866][  0]LogConfig: Setting CVar [[r.LightMaxDrawDistanceScale:1]]
[2019.11.12-00.10.07:866][  0]LogConfig: Setting CVar [[r.CapsuleShadows:1]]
[2019.11.12-00.10.07:866][  0]LogConfig: Applying CVar settings from Section [PostProcessQuality@3] File [C:/Users/skaffenb/Documents/Unreal Projects/Torkey/Saved/Config/Windows/Scalability.ini]
[2019.11.12-00.10.07:866][  0]LogConfig: Setting CVar [[r.MotionBlurQuality:4]]
[2019.11.12-00.10.07:866][  0]LogConfig: Setting CVar [[r.AmbientOcclusionMipLevelFactor:0.4]]
[2019.11.12-00.10.07:866][  0]LogConfig: Setting CVar [[r.AmbientOcclusionMaxQuality:100]]
[2019.11.12-00.10.07:866][  0]LogConfig: Setting CVar [[r.AmbientOcclusionLevels:-1]]
[2019.11.12-00.10.07:866][  0]LogConfig: Setting CVar [[r.AmbientOcclusionRadiusScale:1.0]]
[2019.11.12-00.10.07:866][  0]LogConfig: Setting CVar [[r.DepthOfFieldQuality:2]]
[2019.11.12-00.10.07:866][  0]LogConfig: Setting CVar [[r.RenderTargetPoolMin:400]]
[2019.11.12-00.10.07:866][  0]LogConfig: Setting CVar [[r.LensFlareQuality:2]]
[2019.11.12-00.10.07:866][  0]LogConfig: Setting CVar [[r.SceneColorFringeQuality:1]]
[2019.11.12-00.10.07:866][  0]LogConfig: Setting CVar [[r.EyeAdaptationQuality:2]]
[2019.11.12-00.10.07:866][  0]LogConfig: Setting CVar [[r.BloomQuality:5]]
[2019.11.12-00.10.07:866][  0]LogConfig: Setting CVar [[r.FastBlurThreshold:100]]
[2019.11.12-00.10.07:866][  0]LogConfig: Setting CVar [[r.Upscale.Quality:3]]
[2019.11.12-00.10.07:866][  0]LogConfig: Setting CVar [[r.Tonemapper.GrainQuantization:1]]
[2019.11.12-00.10.07:866][  0]LogConfig: Setting CVar [[r.LightShaftQuality:1]]
[2019.11.12-00.10.07:866][  0]LogConfig: Setting CVar [[r.Filter.SizeScale:1]]
[2019.11.12-00.10.07:866][  0]LogConfig: Setting CVar [[r.Tonemapper.Quality:5]]
[2019.11.12-00.10.07:866][  0]LogConfig: Setting CVar [[r.DOF.Gather.AccumulatorQuality:1        ; higher gathering accumulator quality]]
[2019.11.12-00.10.07:866][  0]LogConfig: Setting CVar [[r.DOF.Gather.PostfilterMethod:1          ; Median3x3 postfilering method]]
[2019.11.12-00.10.07:866][  0]LogConfig: Setting CVar [[r.DOF.Gather.EnableBokehSettings:0       ; no bokeh simulation when gathering]]
[2019.11.12-00.10.07:866][  0]LogConfig: Setting CVar [[r.DOF.Gather.RingCount:4                 ; medium number of samples when gathering]]
[2019.11.12-00.10.07:866][  0]LogConfig: Setting CVar [[r.DOF.Scatter.ForegroundCompositing:1    ; additive foreground scattering]]
[2019.11.12-00.10.07:866][  0]LogConfig: Setting CVar [[r.DOF.Scatter.BackgroundCompositing:2    ; additive background scattering]]
[2019.11.12-00.10.07:866][  0]LogConfig: Setting CVar [[r.DOF.Scatter.EnableBokehSettings:1      ; bokeh simulation when scattering]]
[2019.11.12-00.10.07:866][  0]LogConfig: Setting CVar [[r.DOF.Scatter.MaxSpriteRatio:0.1         ; only a maximum of 10% of scattered bokeh]]
[2019.11.12-00.10.07:866][  0]LogConfig: Setting CVar [[r.DOF.Recombine.Quality:1                ; cheap slight out of focus]]
[2019.11.12-00.10.07:867][  0]LogConfig: Setting CVar [[r.DOF.Recombine.EnableBokehSettings:0    ; no bokeh simulation on slight out of focus]]
[2019.11.12-00.10.07:867][  0]LogConfig: Setting CVar [[r.DOF.TemporalAAQuality:1                ; more stable temporal accumulation]]
[2019.11.12-00.10.07:867][  0]LogConfig: Setting CVar [[r.DOF.Kernel.MaxForegroundRadius:0.025]]
[2019.11.12-00.10.07:867][  0]LogConfig: Setting CVar [[r.DOF.Kernel.MaxBackgroundRadius:0.025]]
[2019.11.12-00.10.07:867][  0]LogConfig: Applying CVar settings from Section [TextureQuality@3] File [C:/Users/skaffenb/Documents/Unreal Projects/Torkey/Saved/Config/Windows/Scalability.ini]
[2019.11.12-00.10.07:867][  0]LogConfig: Setting CVar [[r.Streaming.MipBias:0]]
[2019.11.12-00.10.07:867][  0]LogConfig: Setting CVar [[r.Streaming.AmortizeCPUToGPUCopy:0]]
[2019.11.12-00.10.07:867][  0]LogConfig: Setting CVar [[r.Streaming.MaxNumTexturesToStreamPerFrame:0]]
[2019.11.12-00.10.07:867][  0]LogConfig: Setting CVar [[r.Streaming.Boost:1]]
[2019.11.12-00.10.07:867][  0]LogConfig: Setting CVar [[r.MaxAnisotropy:8]]
[2019.11.12-00.10.07:867][  0]LogConfig: Setting CVar [[r.Streaming.LimitPoolSizeToVRAM:0]]
[2019.11.12-00.10.07:867][  0]LogConfig: Setting CVar [[r.Streaming.PoolSize:1000]]
[2019.11.12-00.10.07:867][  0]LogConfig: Setting CVar [[r.Streaming.MaxEffectiveScreenSize:0]]
[2019.11.12-00.10.07:867][  0]LogConfig: Applying CVar settings from Section [EffectsQuality@3] File [C:/Users/skaffenb/Documents/Unreal Projects/Torkey/Saved/Config/Windows/Scalability.ini]
[2019.11.12-00.10.07:867][  0]LogConfig: Setting CVar [[r.TranslucencyLightingVolumeDim:64]]
[2019.11.12-00.10.07:867][  0]LogConfig: Setting CVar [[r.RefractionQuality:2]]
[2019.11.12-00.10.07:867][  0]LogConfig: Setting CVar [[r.SSR.Quality:3]]
[2019.11.12-00.10.07:867][  0]LogConfig: Setting CVar [[r.SceneColorFormat:4]]
[2019.11.12-00.10.07:867][  0]LogConfig: Setting CVar [[r.DetailMode:2]]
[2019.11.12-00.10.07:867][  0]LogConfig: Setting CVar [[r.TranslucencyVolumeBlur:1]]
[2019.11.12-00.10.07:867][  0]LogConfig: Setting CVar [[r.MaterialQualityLevel:1 ; High quality]]
[2019.11.12-00.10.07:867][  0]LogConfig: Setting CVar [[r.SSS.Scale:1]]
[2019.11.12-00.10.07:867][  0]LogConfig: Setting CVar [[r.SSS.SampleSet:2]]
[2019.11.12-00.10.07:867][  0]LogConfig: Setting CVar [[r.SSS.Quality:1]]
[2019.11.12-00.10.07:867][  0]LogConfig: Setting CVar [[r.SSS.HalfRes:1]]
[2019.11.12-00.10.07:867][  0]LogConfig: Setting CVar [[r.EmitterSpawnRateScale:1.0]]
[2019.11.12-00.10.07:867][  0]LogConfig: Setting CVar [[r.ParticleLightQuality:2]]
[2019.11.12-00.10.07:867][  0]LogConfig: Applying CVar settings from Section [FoliageQuality@3] File [C:/Users/skaffenb/Documents/Unreal Projects/Torkey/Saved/Config/Windows/Scalability.ini]
[2019.11.12-00.10.07:867][  0]LogConfig: Setting CVar [[foliage.DensityScale:1.0]]
[2019.11.12-00.10.07:867][  0]LogConfig: Setting CVar [[grass.DensityScale:1.0]]
[2019.11.12-00.10.07:867][  0]LogInit: Selected Device Profile: [Windows]
[2019.11.12-00.10.07:867][  0]LogInit: Applying CVar settings loaded from the selected device profile: [Windows]
[2019.11.12-00.10.07:870][  0]LogHAL: Display: Platform has ~ 32 GB [34301571072 / 34359738368 / 32], which maps to Largest [LargestMinGB=32, LargerMinGB=12, DefaultMinGB=8, SmallerMinGB=6, SmallestMinGB=0)
[2019.11.12-00.10.07:870][  0]LogInit: Going up to parent DeviceProfile []
[2019.11.12-00.10.07:870][  0]LogConfig: Applying CVar settings from Section [ViewDistanceQuality@3] File [C:/Users/skaffenb/Documents/Unreal Projects/Torkey/Saved/Config/Windows/Scalability.ini]
[2019.11.12-00.10.07:870][  0]LogConfig: Setting CVar [[r.SkeletalMeshLODBias:0]]
[2019.11.12-00.10.07:870][  0]LogConfig: Setting CVar [[r.ViewDistanceScale:1.0]]
[2019.11.12-00.10.07:870][  0]LogConfig: Applying CVar settings from Section [AntiAliasingQuality@3] File [C:/Users/skaffenb/Documents/Unreal Projects/Torkey/Saved/Config/Windows/Scalability.ini]
[2019.11.12-00.10.07:870][  0]LogConfig: Setting CVar [[r.PostProcessAAQuality:4]]
[2019.11.12-00.10.07:870][  0]LogConfig: Applying CVar settings from Section [ShadowQuality@3] File [C:/Users/skaffenb/Documents/Unreal Projects/Torkey/Saved/Config/Windows/Scalability.ini]
[2019.11.12-00.10.07:870][  0]LogConfig: Setting CVar [[r.LightFunctionQuality:1]]
[2019.11.12-00.10.07:870][  0]LogConfig: Setting CVar [[r.ShadowQuality:5]]
[2019.11.12-00.10.07:870][  0]LogConfig: Setting CVar [[r.Shadow.CSM.MaxCascades:10]]
[2019.11.12-00.10.07:870][  0]LogConfig: Setting CVar [[r.Shadow.MaxResolution:2048]]
[2019.11.12-00.10.07:870][  0]LogConfig: Setting CVar [[r.Shadow.MaxCSMResolution:2048]]
[2019.11.12-00.10.07:870][  0]LogConfig: Setting CVar [[r.Shadow.RadiusThreshold:0.01]]
[2019.11.12-00.10.07:870][  0]LogConfig: Setting CVar [[r.Shadow.DistanceScale:1.0]]
[2019.11.12-00.10.07:870][  0]LogConfig: Setting CVar [[r.Shadow.CSM.TransitionScale:1.0]]
[2019.11.12-00.10.07:870][  0]LogConfig: Setting CVar [[r.Shadow.PreShadowResolutionFactor:1.0]]
[2019.11.12-00.10.07:870][  0]LogConfig: Setting CVar [[r.DistanceFieldShadowing:1]]
[2019.11.12-00.10.07:870][  0]LogConfig: Setting CVar [[r.DistanceFieldAO:1]]
[2019.11.12-00.10.07:870][  0]LogConfig: Setting CVar [[r.AOQuality:2]]
[2019.11.12-00.10.07:870][  0]LogConfig: Setting CVar [[r.VolumetricFog:1]]
[2019.11.12-00.10.07:870][  0]LogConfig: Setting CVar [[r.VolumetricFog.GridPixelSize:8]]
[2019.11.12-00.10.07:870][  0]LogConfig: Setting CVar [[r.VolumetricFog.GridSizeZ:128]]
[2019.11.12-00.10.07:870][  0]LogConfig: Setting CVar [[r.VolumetricFog.HistoryMissSupersampleCount:4]]
[2019.11.12-00.10.07:870][  0]LogConfig: Setting CVar [[r.LightMaxDrawDistanceScale:1]]
[2019.11.12-00.10.07:870][  0]LogConfig: Setting CVar [[r.CapsuleShadows:1]]
[2019.11.12-00.10.07:870][  0]LogConfig: Applying CVar settings from Section [PostProcessQuality@3] File [C:/Users/skaffenb/Documents/Unreal Projects/Torkey/Saved/Config/Windows/Scalability.ini]
[2019.11.12-00.10.07:870][  0]LogConfig: Setting CVar [[r.MotionBlurQuality:4]]
[2019.11.12-00.10.07:870][  0]LogConfig: Setting CVar [[r.AmbientOcclusionMipLevelFactor:0.4]]
[2019.11.12-00.10.07:870][  0]LogConfig: Setting CVar [[r.AmbientOcclusionMaxQuality:100]]
[2019.11.12-00.10.07:870][  0]LogConfig: Setting CVar [[r.AmbientOcclusionLevels:-1]]
[2019.11.12-00.10.07:870][  0]LogConfig: Setting CVar [[r.AmbientOcclusionRadiusScale:1.0]]
[2019.11.12-00.10.07:870][  0]LogConfig: Setting CVar [[r.DepthOfFieldQuality:2]]
[2019.11.12-00.10.07:870][  0]LogConfig: Setting CVar [[r.RenderTargetPoolMin:400]]
[2019.11.12-00.10.07:870][  0]LogConfig: Setting CVar [[r.LensFlareQuality:2]]
[2019.11.12-00.10.07:870][  0]LogConfig: Setting CVar [[r.SceneColorFringeQuality:1]]
[2019.11.12-00.10.07:870][  0]LogConfig: Setting CVar [[r.EyeAdaptationQuality:2]]
[2019.11.12-00.10.07:870][  0]LogConfig: Setting CVar [[r.BloomQuality:5]]
[2019.11.12-00.10.07:870][  0]LogConfig: Setting CVar [[r.FastBlurThreshold:100]]
[2019.11.12-00.10.07:870][  0]LogConfig: Setting CVar [[r.Upscale.Quality:3]]
[2019.11.12-00.10.07:870][  0]LogConfig: Setting CVar [[r.Tonemapper.GrainQuantization:1]]
[2019.11.12-00.10.07:870][  0]LogConfig: Setting CVar [[r.LightShaftQuality:1]]
[2019.11.12-00.10.07:870][  0]LogConfig: Setting CVar [[r.Filter.SizeScale:1]]
[2019.11.12-00.10.07:870][  0]LogConfig: Setting CVar [[r.Tonemapper.Quality:5]]
[2019.11.12-00.10.07:870][  0]LogConfig: Setting CVar [[r.DOF.Gather.AccumulatorQuality:1        ; higher gathering accumulator quality]]
[2019.11.12-00.10.07:870][  0]LogConfig: Setting CVar [[r.DOF.Gather.PostfilterMethod:1          ; Median3x3 postfilering method]]
[2019.11.12-00.10.07:870][  0]LogConfig: Setting CVar [[r.DOF.Gather.EnableBokehSettings:0       ; no bokeh simulation when gathering]]
[2019.11.12-00.10.07:870][  0]LogConfig: Setting CVar [[r.DOF.Gather.RingCount:4                 ; medium number of samples when gathering]]
[2019.11.12-00.10.07:870][  0]LogConfig: Setting CVar [[r.DOF.Scatter.ForegroundCompositing:1    ; additive foreground scattering]]
[2019.11.12-00.10.07:870][  0]LogConfig: Setting CVar [[r.DOF.Scatter.BackgroundCompositing:2    ; additive background scattering]]
[2019.11.12-00.10.07:870][  0]LogConfig: Setting CVar [[r.DOF.Scatter.EnableBokehSettings:1      ; bokeh simulation when scattering]]
[2019.11.12-00.10.07:870][  0]LogConfig: Setting CVar [[r.DOF.Scatter.MaxSpriteRatio:0.1         ; only a maximum of 10% of scattered bokeh]]
[2019.11.12-00.10.07:870][  0]LogConfig: Setting CVar [[r.DOF.Recombine.Quality:1                ; cheap slight out of focus]]
[2019.11.12-00.10.07:870][  0]LogConfig: Setting CVar [[r.DOF.Recombine.EnableBokehSettings:0    ; no bokeh simulation on slight out of focus]]
[2019.11.12-00.10.07:870][  0]LogConfig: Setting CVar [[r.DOF.TemporalAAQuality:1                ; more stable temporal accumulation]]
[2019.11.12-00.10.07:870][  0]LogConfig: Setting CVar [[r.DOF.Kernel.MaxForegroundRadius:0.025]]
[2019.11.12-00.10.07:870][  0]LogConfig: Setting CVar [[r.DOF.Kernel.MaxBackgroundRadius:0.025]]
[2019.11.12-00.10.07:870][  0]LogConfig: Applying CVar settings from Section [TextureQuality@3] File [C:/Users/skaffenb/Documents/Unreal Projects/Torkey/Saved/Config/Windows/Scalability.ini]
[2019.11.12-00.10.07:870][  0]LogConfig: Setting CVar [[r.Streaming.MipBias:0]]
[2019.11.12-00.10.07:870][  0]LogConfig: Setting CVar [[r.Streaming.AmortizeCPUToGPUCopy:0]]
[2019.11.12-00.10.07:870][  0]LogConfig: Setting CVar [[r.Streaming.MaxNumTexturesToStreamPerFrame:0]]
[2019.11.12-00.10.07:870][  0]LogConfig: Setting CVar [[r.Streaming.Boost:1]]
[2019.11.12-00.10.07:870][  0]LogConfig: Setting CVar [[r.MaxAnisotropy:8]]
[2019.11.12-00.10.07:870][  0]LogConfig: Setting CVar [[r.Streaming.LimitPoolSizeToVRAM:0]]
[2019.11.12-00.10.07:870][  0]LogConfig: Setting CVar [[r.Streaming.PoolSize:1000]]
[2019.11.12-00.10.07:870][  0]LogConfig: Setting CVar [[r.Streaming.MaxEffectiveScreenSize:0]]
[2019.11.12-00.10.07:870][  0]LogConfig: Applying CVar settings from Section [EffectsQuality@3] File [C:/Users/skaffenb/Documents/Unreal Projects/Torkey/Saved/Config/Windows/Scalability.ini]
[2019.11.12-00.10.07:870][  0]LogConfig: Setting CVar [[r.TranslucencyLightingVolumeDim:64]]
[2019.11.12-00.10.07:870][  0]LogConfig: Setting CVar [[r.RefractionQuality:2]]
[2019.11.12-00.10.07:870][  0]LogConfig: Setting CVar [[r.SSR.Quality:3]]
[2019.11.12-00.10.07:870][  0]LogConfig: Setting CVar [[r.SceneColorFormat:4]]
[2019.11.12-00.10.07:870][  0]LogConfig: Setting CVar [[r.DetailMode:2]]
[2019.11.12-00.10.07:870][  0]LogConfig: Setting CVar [[r.TranslucencyVolumeBlur:1]]
[2019.11.12-00.10.07:871][  0]LogConfig: Setting CVar [[r.MaterialQualityLevel:1 ; High quality]]
[2019.11.12-00.10.07:871][  0]LogConfig: Setting CVar [[r.SSS.Scale:1]]
[2019.11.12-00.10.07:871][  0]LogConfig: Setting CVar [[r.SSS.SampleSet:2]]
[2019.11.12-00.10.07:871][  0]LogConfig: Setting CVar [[r.SSS.Quality:1]]
[2019.11.12-00.10.07:871][  0]LogConfig: Setting CVar [[r.SSS.HalfRes:1]]
[2019.11.12-00.10.07:871][  0]LogConfig: Setting CVar [[r.EmitterSpawnRateScale:1.0]]
[2019.11.12-00.10.07:871][  0]LogConfig: Setting CVar [[r.ParticleLightQuality:2]]
[2019.11.12-00.10.07:871][  0]LogConfig: Applying CVar settings from Section [FoliageQuality@3] File [C:/Users/skaffenb/Documents/Unreal Projects/Torkey/Saved/Config/Windows/Scalability.ini]
[2019.11.12-00.10.07:871][  0]LogConfig: Setting CVar [[foliage.DensityScale:1.0]]
[2019.11.12-00.10.07:871][  0]LogConfig: Setting CVar [[grass.DensityScale:1.0]]
[2019.11.12-00.10.07:871][  0]LogConfig: Applying CVar settings from Section [Startup] File [../../../Engine/Config/ConsoleVariables.ini]
[2019.11.12-00.10.07:871][  0]LogConfig: Setting CVar [[net.UseAdaptiveNetUpdateFrequency:0]]
[2019.11.12-00.10.07:871][  0]LogConfig: Setting CVar [[p.chaos.AllowCreatePhysxBodies:1]]
[2019.11.12-00.10.07:871][  0]LogConfig: Applying CVar settings from Section [ConsoleVariables] File [C:/Users/skaffenb/Documents/Unreal Projects/Torkey/Saved/Config/Windows/Engine.ini]
[2019.11.12-00.10.07:871][  0]LogInit: Computer: NQSCGL-MSI-03
[2019.11.12-00.10.07:871][  0]LogInit: User: skaffenb
[2019.11.12-00.10.07:871][  0]LogInit: CPU Page size=4096, Cores=4
[2019.11.12-00.10.07:871][  0]LogInit: High frequency timer resolution =10.000000 MHz
[2019.11.12-00.10.07:871][  0]LogMemory: Memory total: Physical=31.9GB (32GB approx)
[2019.11.12-00.10.07:871][  0]LogMemory: Platform Memory Stats for Windows
[2019.11.12-00.10.07:871][  0]LogMemory: Process Physical Memory: 99.88 MB used, 99.89 MB peak
[2019.11.12-00.10.07:871][  0]LogMemory: Process Virtual Memory: 98.90 MB used, 98.90 MB peak
[2019.11.12-00.10.07:871][  0]LogMemory: Physical Memory: 6912.10 MB used,  25800.43 MB free, 32712.53 MB total
[2019.11.12-00.10.07:871][  0]LogMemory: Virtual Memory: 4666.95 MB used,  134213064.00 MB free, 134217728.00 MB total
[2019.11.12-00.10.07:873][  0]LogWindows: WindowsPlatformFeatures enabled
[2019.11.12-00.10.07:893][  0]LogInit: Using OS detected language (en-US).
[2019.11.12-00.10.07:894][  0]LogInit: Using OS detected locale (en-US).
[2019.11.12-00.10.07:894][  0]LogTextLocalizationManager: No specific localization for 'en-US' exists, so the 'en' localization will be used.
[2019.11.12-00.10.08:043][  0]LogInit: Setting process to per monitor DPI aware
[2019.11.12-00.10.08:075][  0]LogSlate: New Slate User Created.  User Index 0, Is Virtual User: 0
[2019.11.12-00.10.08:075][  0]LogSlate: Slate User Registered.  User Index 0, Is Virtual User: 0
[2019.11.12-00.10.08:273][  0]LogHMD: Failed to initialize OpenVR with code 110
[2019.11.12-00.10.08:273][  0]LogD3D11RHI: D3D11 adapters:
[2019.11.12-00.10.08:337][  0]LogD3D11RHI:    0. 'NVIDIA GeForce GTX 1070' (Feature Level 11_0)
[2019.11.12-00.10.08:337][  0]LogD3D11RHI:       8088/0/16356 MB DedicatedVideo/DedicatedSystem/SharedSystem, Outputs:1, VendorId:0x10de
[2019.11.12-00.10.08:340][  0]LogD3D11RHI:    1. 'Microsoft Basic Render Driver' (Feature Level 11_0)
[2019.11.12-00.10.08:340][  0]LogD3D11RHI:       0/0/16356 MB DedicatedVideo/DedicatedSystem/SharedSystem, Outputs:0, VendorId:0x1414
[2019.11.12-00.10.08:340][  0]LogD3D11RHI: Chosen D3D11 Adapter: 0
[2019.11.12-00.10.08:346][  0]LogD3D11RHI: Creating new Direct3DDevice
[2019.11.12-00.10.08:346][  0]LogD3D11RHI:     GPU DeviceId: 0x1b81 (for the marketing name, search the web for "GPU Device Id")
[2019.11.12-00.10.08:346][  0]LogWindows: EnumDisplayDevices:
[2019.11.12-00.10.08:347][  0]LogWindows:    0. 'NVIDIA GeForce GTX 1070' (P:1 D:1)
[2019.11.12-00.10.08:347][  0]LogWindows:    1. 'NVIDIA GeForce GTX 1070' (P:0 D:0)
[2019.11.12-00.10.08:348][  0]LogWindows:    2. 'NVIDIA GeForce GTX 1070' (P:0 D:0)
[2019.11.12-00.10.08:348][  0]LogWindows:    3. 'NVIDIA GeForce GTX 1070' (P:0 D:0)
[2019.11.12-00.10.08:348][  0]LogWindows: DebugString: FoundDriverCount:4 
[2019.11.12-00.10.08:348][  0]LogD3D11RHI:     Adapter Name: NVIDIA GeForce GTX 1070
[2019.11.12-00.10.08:348][  0]LogD3D11RHI:   Driver Version: 430.86 (internal:26.21.14.3086, unified:430.86)
[2019.11.12-00.10.08:348][  0]LogD3D11RHI:      Driver Date: 5-22-2019
[2019.11.12-00.10.08:348][  0]LogRHI: Texture pool is 5661 MB (70% of 8088 MB)
[2019.11.12-00.10.08:390][  0]LogD3D11RHI: Async texture creation enabled
[2019.11.12-00.10.08:402][  0]LogD3D11RHI: GPU Timing Frequency: 1000.000000 (Debug: 2 1)
[2019.11.12-00.10.08:753][  0]LogTemp: Display: Module 'AllDesktopTargetPlatform' loaded TargetPlatform 'AllDesktop'
[2019.11.12-00.10.08:762][  0]LogTemp: Display: Module 'MacClientTargetPlatform' loaded TargetPlatform 'MacClient'
[2019.11.12-00.10.08:770][  0]LogTemp: Display: Module 'MacNoEditorTargetPlatform' loaded TargetPlatform 'MacNoEditor'
[2019.11.12-00.10.08:778][  0]LogTemp: Display: Module 'MacServerTargetPlatform' loaded TargetPlatform 'MacServer'
[2019.11.12-00.10.08:787][  0]LogTemp: Display: Module 'MacTargetPlatform' loaded TargetPlatform 'Mac'
[2019.11.12-00.10.08:796][  0]LogTemp: Display: Module 'WindowsClientTargetPlatform' loaded TargetPlatform 'WindowsClient'
[2019.11.12-00.10.08:804][  0]LogTemp: Display: Module 'WindowsNoEditorTargetPlatform' loaded TargetPlatform 'WindowsNoEditor'
[2019.11.12-00.10.08:813][  0]LogTemp: Display: Module 'WindowsServerTargetPlatform' loaded TargetPlatform 'WindowsServer'
[2019.11.12-00.10.08:817][  0]LogTemp: Display: Module 'WindowsTargetPlatform' loaded TargetPlatform 'Windows'
[2019.11.12-00.10.08:845][  0]LogTemp: Display: Module 'AndroidTargetPlatform' loaded TargetPlatform 'Android'
[2019.11.12-00.10.08:845][  0]LogTemp: Display: Module 'AndroidTargetPlatform' loaded TargetPlatform 'Android_ASTC'
[2019.11.12-00.10.08:845][  0]LogTemp: Display: Module 'AndroidTargetPlatform' loaded TargetPlatform 'Android_ATC'
[2019.11.12-00.10.08:845][  0]LogTemp: Display: Module 'AndroidTargetPlatform' loaded TargetPlatform 'Android_DXT'
[2019.11.12-00.10.08:845][  0]LogTemp: Display: Module 'AndroidTargetPlatform' loaded TargetPlatform 'Android_ETC1'
[2019.11.12-00.10.08:845][  0]LogTemp: Display: Module 'AndroidTargetPlatform' loaded TargetPlatform 'Android_ETC1a'
[2019.11.12-00.10.08:845][  0]LogTemp: Display: Module 'AndroidTargetPlatform' loaded TargetPlatform 'Android_ETC2'
[2019.11.12-00.10.08:845][  0]LogTemp: Display: Module 'AndroidTargetPlatform' loaded TargetPlatform 'Android_PVRTC'
[2019.11.12-00.10.08:845][  0]LogTemp: Display: Module 'AndroidTargetPlatform' loaded TargetPlatform 'AndroidClient'
[2019.11.12-00.10.08:845][  0]LogTemp: Display: Module 'AndroidTargetPlatform' loaded TargetPlatform 'Android_ASTCClient'
[2019.11.12-00.10.08:845][  0]LogTemp: Display: Module 'AndroidTargetPlatform' loaded TargetPlatform 'Android_ATCClient'
[2019.11.12-00.10.08:845][  0]LogTemp: Display: Module 'AndroidTargetPlatform' loaded TargetPlatform 'Android_DXTClient'
[2019.11.12-00.10.08:845][  0]LogTemp: Display: Module 'AndroidTargetPlatform' loaded TargetPlatform 'Android_ETC1Client'
[2019.11.12-00.10.08:845][  0]LogTemp: Display: Module 'AndroidTargetPlatform' loaded TargetPlatform 'Android_ETC1aClient'
[2019.11.12-00.10.08:845][  0]LogTemp: Display: Module 'AndroidTargetPlatform' loaded TargetPlatform 'Android_ETC2Client'
[2019.11.12-00.10.08:845][  0]LogTemp: Display: Module 'AndroidTargetPlatform' loaded TargetPlatform 'Android_PVRTCClient'
[2019.11.12-00.10.08:845][  0]LogTemp: Display: Module 'AndroidTargetPlatform' loaded TargetPlatform 'Android_Multi'
[2019.11.12-00.10.08:845][  0]LogTemp: Display: Module 'AndroidTargetPlatform' loaded TargetPlatform 'Android_MultiClient'
[2019.11.12-00.10.08:847][  0]LogTemp: Display: Module 'HTML5TargetPlatform' loaded TargetPlatform 'HTML5'
[2019.11.12-00.10.08:863][  0]LogTemp: Display: Module 'IOSTargetPlatform' loaded TargetPlatform 'IOSClient'
[2019.11.12-00.10.08:863][  0]LogTemp: Display: Module 'IOSTargetPlatform' loaded TargetPlatform 'IOS'
[2019.11.12-00.10.08:877][  0]LogTemp: Display: Module 'TVOSTargetPlatform' loaded TargetPlatform 'TVOSClient'
[2019.11.12-00.10.08:877][  0]LogTemp: Display: Module 'TVOSTargetPlatform' loaded TargetPlatform 'TVOS'
[2019.11.12-00.10.08:883][  0]LogTemp: Display: Module 'LinuxClientTargetPlatform' loaded TargetPlatform 'LinuxClient'
[2019.11.12-00.10.08:890][  0]LogTemp: Display: Module 'LinuxNoEditorTargetPlatform' loaded TargetPlatform 'LinuxNoEditor'
[2019.11.12-00.10.08:896][  0]LogTemp: Display: Module 'LinuxServerTargetPlatform' loaded TargetPlatform 'LinuxServer'
[2019.11.12-00.10.08:903][  0]LogTemp: Display: Module 'LinuxTargetPlatform' loaded TargetPlatform 'Linux'
[2019.11.12-00.10.08:925][  0]LogTemp: Display: Module 'LuminTargetPlatform' loaded TargetPlatform 'Lumin'
[2019.11.12-00.10.08:925][  0]LogTemp: Display: Module 'LuminTargetPlatform' loaded TargetPlatform 'LuminClient'
[2019.11.12-00.10.08:925][  0]LogTargetPlatformManager: Display: Building Assets For Windows
[2019.11.12-00.10.08:934][  0]LogAudioDebug: Display: Lib vorbis DLL was dynamically loaded.
[2019.11.12-00.10.08:988][  0]LogShaderCompilers: Guid format shader working directory is -16 characters bigger than the processId version (../../../../../../Users/skaffenb/Documents/Unreal Projects/Torkey/Intermediate/Shaders/WorkingDirectory/3788/).
[2019.11.12-00.10.08:988][  0]LogShaderCompilers: Cleaned the shader compiler working directory 'C:/Users/skaffenb/AppData/Local/Temp/UnrealShaderWorkingDir/7DB4366245C3B54F96BC9A8804B7A4CE/'.
[2019.11.12-00.10.08:991][  0]LogXGEController: Cannot use XGE Controller as Incredibuild is not installed on this machine.
[2019.11.12-00.10.08:991][  0]LogShaderCompilers: Cannot use XGE Shader Compiler as Incredibuild is not installed on this machine.
[2019.11.12-00.10.08:991][  0]LogShaderCompilers: Display: Using Local Shader Compiler.
[2019.11.12-00.10.09:532][  0]LogDerivedDataCache: Display: Max Cache Size: 512 MB
[2019.11.12-00.10.09:580][  0]LogDerivedDataCache: Loaded boot cache 0.05s 73MB C:/Users/skaffenb/AppData/Local/UnrealEngine/4.23/DerivedDataCache/Boot.ddc.
[2019.11.12-00.10.09:580][  0]LogDerivedDataCache: Display: Loaded Boot cache: C:/Users/skaffenb/AppData/Local/UnrealEngine/4.23/DerivedDataCache/Boot.ddc
[2019.11.12-00.10.09:580][  0]LogDerivedDataCache: FDerivedDataBackendGraph:  Pak pak cache file ../../../../../../Users/skaffenb/Documents/Unreal Projects/Torkey/DerivedDataCache/DDC.ddp not found, will not use a pak cache.
[2019.11.12-00.10.09:580][  0]LogDerivedDataCache: Unable to find inner node Pak for hierarchical cache Hierarchy.
[2019.11.12-00.10.09:580][  0]LogDerivedDataCache: FDerivedDataBackendGraph:  CompressedPak pak cache file ../../../../../../Users/skaffenb/Documents/Unreal Projects/Torkey/DerivedDataCache/Compressed.ddp not found, will not use a pak cache.
[2019.11.12-00.10.09:580][  0]LogDerivedDataCache: Unable to find inner node CompressedPak for hierarchical cache Hierarchy.
[2019.11.12-00.10.09:590][  0]LogDerivedDataCache: Display: Pak cache opened for reading ../../../Engine/DerivedDataCache/Compressed.ddp.
[2019.11.12-00.10.09:590][  0]LogDerivedDataCache: FDerivedDataBackendGraph:  EnterprisePak pak cache file ../../../Enterprise/DerivedDataCache/Compressed.ddp not found, will not use a pak cache.
[2019.11.12-00.10.09:590][  0]LogDerivedDataCache: Unable to find inner node EnterprisePak for hierarchical cache Hierarchy.
[2019.11.12-00.10.09:592][  0]LogDerivedDataCache: Using Local data cache path C:/Users/skaffenb/AppData/Local/UnrealEngine/Common/DerivedDataCache: Writable
[2019.11.12-00.10.09:592][  0]LogDerivedDataCache: Shared data cache path not found in *engine.ini, will not use an Shared cache.
[2019.11.12-00.10.09:592][  0]LogDerivedDataCache: Unable to find inner node Shared for hierarchical cache Hierarchy.
[2019.11.12-00.10.09:610][  0]LogMaterial: Verifying Global Shaders for PCD3D_SM5
[2019.11.12-00.10.09:613][  0]LogSlate: Using FreeType 2.6.0
[2019.11.12-00.10.09:614][  0]LogSlate: SlateFontServices - WITH_FREETYPE: 1, WITH_HARFBUZZ: 1
[2019.11.12-00.10.09:676][  0]LogAssetRegistry: FAssetRegistry took 0.0021 seconds to start up
[2019.11.12-00.10.09:927][  0]LogInit: Selected Device Profile: [Windows]
[2019.11.12-00.10.10:058][  0]LogMeshReduction: Using QuadricMeshReduction for automatic static mesh reduction
[2019.11.12-00.10.10:058][  0]LogMeshReduction: Using SimplygonMeshReduction for automatic skeletal mesh reduction
[2019.11.12-00.10.10:058][  0]LogMeshReduction: Using ProxyLODMeshReduction for automatic mesh merging
[2019.11.12-00.10.10:058][  0]LogMeshReduction: No distributed automatic mesh merging module available
[2019.11.12-00.10.10:058][  0]LogMeshMerging: No distributed automatic mesh merging module available
[2019.11.12-00.10.10:066][  0]LogNetVersion: Torkey 1.0.0, NetCL: 8386587, EngineNetVer: 11, GameNetVer: 0 (Checksum: 1650633617)
[2019.11.12-00.10.10:469][  0]LogPackageLocalizationCache: Processed 12 localized package path(s) for 1 prioritized culture(s) in 0.038933 seconds
[2019.11.12-00.10.10:477][  0]LogUObjectArray: 43444 objects as part of root set at end of initial load.
[2019.11.12-00.10.10:477][  0]LogUObjectAllocator: 7548648 out of 0 bytes used by permanent object pool.
[2019.11.12-00.10.10:477][  0]LogUObjectArray: CloseDisregardForGC: 0/0 objects in disregard for GC pool
[2019.11.12-00.10.11:390][  0]LogTcpMessaging: Initializing TcpMessaging bridge
[2019.11.12-00.10.11:421][  0]LogUdpMessaging: Initializing bridge on interface 0.0.0.0:0 to multicast group 230.0.0.1:6666.
[2019.11.12-00.10.11:468][  0]SourceControl: Source control is disabled
[2019.11.12-00.10.11:468][  0]SourceControl: Source control is disabled
[2019.11.12-00.10.11:470][  0]SourceControl: Source control is disabled
[2019.11.12-00.10.11:470][  0]SourceControl: Source control is disabled
[2019.11.12-00.10.11:477][  0]LogVSAccessor: Display: Unable to create Visual Studio setup instance: 80040154
[2019.11.12-00.10.11:477][  0]LogVSAccessor: Display: Unable to create Visual Studio setup instance: 80040154
[2019.11.12-00.10.11:553][  0]LogAndroidPermission: UAndroidPermissionCallbackProxy::GetInstance
[2019.11.12-00.10.11:741][  0]LogOcInput: OculusInput pre-init called
[2019.11.12-00.10.11:747][  0]LogWindows: Failed to load 'OVRPlugin.dll' (GetLastError=126)
[2019.11.12-00.10.11:747][  0]LogWindows: File 'OVRPlugin.dll' does not exist
[2019.11.12-00.10.11:807][  0]LogEngine: Initializing Engine...
[2019.11.12-00.10.11:808][  0]LogHMD: Failed to initialize OpenVR with code 110
[2019.11.12-00.10.11:809][  0]LogStats: UGameplayTagsManager::InitializeManager -  0.000 s
[2019.11.12-00.10.11:999][  0]LogInit: Initializing FReadOnlyCVARCache
[2019.11.12-00.10.12:013][  0]LogAIModule: Creating AISystem for world Untitled
[2019.11.12-00.10.12:100][  0]LogInit: XAudio2 using 'Speakers (USB Audio Device)' : 2 channels at 48 kHz using 16 bits per sample (channel mask 0x3)
[2019.11.12-00.10.12:128][  0]LogInit: FAudioDevice initialized.
[2019.11.12-00.10.12:128][  0]LogNetVersion: Set ProjectVersion to 1.0.0.0. Version Checksum will be recalculated on next use.
[2019.11.12-00.10.12:318][  0]LogDerivedDataCache: Saved boot cache 0.19s 73MB C:/Users/skaffenb/AppData/Local/UnrealEngine/4.23/DerivedDataCache/Boot.ddc.
[2019.11.12-00.10.12:318][  0]LogInit: Texture streaming: Enabled
[2019.11.12-00.10.12:338][  0]LogEngineSessionManager: EngineSessionManager initialized
[2019.11.12-00.10.12:357][  0]LogInit: Transaction tracking system initialized
[2019.11.12-00.10.12:387][  0]BlueprintLog: New page: Editor Load
[2019.11.12-00.10.12:460][  0]LogInit: Warning: CVar named 'r.MobileHDR' marked up in RendererSettings was not found or is set to read-only
[2019.11.12-00.10.12:526][  0]LocalizationService: Localization service is disabled
[2019.11.12-00.10.12:619][  0]LogVSAccessor: Display: Unable to create Visual Studio setup instance: 80040154
[2019.11.12-00.10.12:619][  0]LogVSAccessor: Display: Unable to create Visual Studio setup instance: 80040154
[2019.11.12-00.10.12:782][  0]LogFileCache: Scanning file cache for directory 'C:/Users/skaffenb/Documents/Unreal Projects/Torkey/Content/' took 0.00s
[2019.11.12-00.10.12:782][  0]LogCook: Display: Max memory allowance for cook 16384mb min free memory 0mb
[2019.11.12-00.10.12:782][  0]LogCook: Display: Mobile HDR setting 1
[2019.11.12-00.10.12:969][  0]SourceControl: Source control is disabled
[2019.11.12-00.10.12:969][  0]Cmd: MAP LOAD FILE="../../../../../../Users/skaffenb/Documents/Unreal Projects/Torkey/Content/2DSideScrollerBP/Maps/2DSideScrollerExampleMap.umap" TEMPLATE=0 SHOWPROGRESS=1 FEATURELEVEL=3
[2019.11.12-00.10.12:970][  0]LightingResults: New page: Lighting Build
[2019.11.12-00.10.12:972][  0]LogWorld: UWorld::CleanupWorld for Untitled, bSessionEnded=true, bCleanupResources=true
[2019.11.12-00.10.12:972][  0]MapCheck: New page: Map Check
[2019.11.12-00.10.12:973][  0]LightingResults: New page: Lighting Build
[2019.11.12-00.10.12:993][  0]LogUObjectHash: Compacting FUObjectHashTables data took   1.44ms
[2019.11.12-00.10.13:141][  0]LogAIModule: Creating AISystem for world 2DSideScrollerExampleMap
[2019.11.12-00.10.13:150][  0]LogEditorServer: Finished looking for orphan Actors (0.000 secs)
[2019.11.12-00.10.13:170][  0]LogUObjectHash: Compacting FUObjectHashTables data took   1.74ms
[2019.11.12-00.10.13:170][  0]Cmd: MAP CHECKDEP NOCLEARLOG
[2019.11.12-00.10.13:170][  0]MapCheck: Map check complete: 0 Error(s), 0 Warning(s), took 0.173ms to complete.
[2019.11.12-00.10.13:170][  0]LogFileHelpers: Loading map '2DSideScrollerExampleMap' took 0.201
[2019.11.12-00.10.13:255][  0]LogSlate: Updating window title bar state: overlay mode, drag disabled, window buttons hidden, title bar hidden
[2019.11.12-00.10.13:261][  0]LogSlate: Updating window title bar state: overlay mode, drag disabled, window buttons hidden, title bar hidden
[2019.11.12-00.10.13:266][  0]LogSlate: Updating window title bar state: overlay mode, drag disabled, window buttons hidden, title bar hidden
[2019.11.12-00.10.13:272][  0]LogSlate: Updating window title bar state: overlay mode, drag disabled, window buttons hidden, title bar hidden
[2019.11.12-00.10.13:278][  0]LogCollectionManager: Loaded 0 collections in 0.001753 seconds
[2019.11.12-00.10.13:285][  0]LogFileCache: Scanning file cache for directory 'C:/Users/skaffenb/Documents/Unreal Projects/Torkey/Saved/Collections/' took 0.00s
[2019.11.12-00.10.13:285][  0]LogFileCache: Scanning file cache for directory 'C:/Users/skaffenb/Documents/Unreal Projects/Torkey/Content/Developers/skaffenb/Collections/' took 0.00s
[2019.11.12-00.10.13:285][  0]LogFileCache: Scanning file cache for directory 'C:/Users/skaffenb/Documents/Unreal Projects/Torkey/Content/Collections/' took 0.00s
[2019.11.12-00.10.13:285][  0]LogCollectionManager: Rebuilt the GUID cache for 0 collections in 0.000001 seconds
[2019.11.12-00.10.13:292][  0]LogContentBrowser: Native class hierarchy populated in 0.0068 seconds. Added 2863 classes and 680 folders.
[2019.11.12-00.10.13:298][  0]LogContentBrowser: Native class hierarchy updated for 'WidgetCarousel' in 0.0002 seconds. Added 0 classes and 0 folders.
[2019.11.12-00.10.13:342][  0]LogContentBrowser: Native class hierarchy updated for 'AddContentDialog' in 0.0002 seconds. Added 0 classes and 0 folders.
[2019.11.12-00.10.13:347][  0]LogContentBrowser: Native class hierarchy updated for 'SceneOutliner' in 0.0002 seconds. Added 1 classes and 2 folders.
[2019.11.12-00.10.13:363][  0]LogSlate: Took 0.000264 seconds to synchronously load lazily loaded font '../../../Engine/Content/Slate/Fonts/Roboto-Regular.ttf' (155K)
[2019.11.12-00.10.13:365][  0]LogSlate: Took 0.000248 seconds to synchronously load lazily loaded font '../../../Engine/Content/Slate/Fonts/Roboto-Bold.ttf' (160K)
[2019.11.12-00.10.13:368][  0]LogSlate: Took 0.000249 seconds to synchronously load lazily loaded font '../../../Engine/Content/Editor/Slate/Fonts/FontAwesome.ttf' (139K)
[2019.11.12-00.10.13:421][  0]LogRenderer: Reallocating scene render targets to support 1056x556 Format 10 NumSamples 1 (Frame:1).
[2019.11.12-00.10.13:520][  0]LogContentBrowser: Native class hierarchy updated for 'HierarchicalLODOutliner' in 0.0002 seconds. Added 0 classes and 0 folders.
[2019.11.12-00.10.13:520][  0]LogLoad: (Engine Initialization) Total time: 6.85 seconds
[2019.11.12-00.10.13:520][  0]LogLoad: (Engine Initialization) Total Blueprint compile time: 0.00 seconds
[2019.11.12-00.10.13:562][  0]LogAssetRegistry: Asset discovery search completed in 3.8867 seconds
[2019.11.12-00.10.13:565][  0]LogCollectionManager: Rebuilt the object cache for 0 collections in 0.000003 seconds (found 0 objects)
[2019.11.12-00.10.13:565][  0]LogCollectionManager: Fixed up redirectors for 0 collections in 0.000040 seconds (updated 0 objects)
[2019.11.12-00.10.13:566][  0]LogContentStreaming: Texture pool size now 1000 MB
[2019.11.12-00.10.13:608][  0]LogSlate: Took 0.000199 seconds to synchronously load lazily loaded font '../../../Engine/Content/Slate/Fonts/Roboto-Light.ttf' (167K)
[2019.11.12-00.10.24:144][261]LogEditorViewport: Clicking on Actor (context menu): PaperSpriteActor (Background_Sprite)
[2019.11.12-00.10.24:177][261]LogSlate: FSceneViewport::OnFocusLost() reason 5
[2019.11.12-00.10.24:969][353]LogEditorViewport: Clicking on Actor (LMB): PaperSpriteActor (Background_Sprite)
[2019.11.12-00.20.33:281][718]LogSlate: FSceneViewport::OnFocusLost() reason 5
[2019.11.12-00.26.10:723][260]LogSlate: FSceneViewport::OnFocusLost() reason 0
[2019.11.12-00.26.30:537][122]LogSlate: Took 0.000230 seconds to synchronously load lazily loaded font '../../../Engine/Content/Slate/Fonts/Roboto-Light.ttf' (167K)
[2019.11.12-00.26.30:545][122]LogFactory: FactoryCreateFile: Texture with ReimportTextureFactory (0 0 C:\Users\skaffenb\Downloads\Turkey.png)
[2019.11.12-00.26.30:580][122]LogTexture: Display: Building textures: Turkey (AutoDXT, 1920X1080)
[2019.11.12-00.26.32:273][250]LogAssetEditorManager: Opening Asset editor for Texture2D /Game/Characters/Turkey.Turkey
[2019.11.12-00.26.32:321][250]LogContentBrowser: Native class hierarchy updated for 'TextureEditor' in 0.0002 seconds. Added 1 classes and 2 folders.
[2019.11.12-00.26.34:086][457]LogSlate: FSceneViewport::OnFocusLost() reason 0
[2019.11.12-00.26.34:187][469]LogSlate: Window 'Turkey' being destroyed
[2019.11.12-00.26.34:191][469]LogSlate: Window 'Turkey' being destroyed
[2019.11.12-00.27.13:679][321]LogUObjectHash: Compacting FUObjectHashTables data took   1.33ms
[2019.11.12-00.27.14:607][321]LogSlate: Window 'Delete Assets' being destroyed
[2019.11.12-00.27.14:650][321]LogUObjectHash: Compacting FUObjectHashTables data took   1.35ms
[2019.11.12-00.28.11:397][ 79]LogFactory: FactoryCreateFile: Texture with ReimportTextureFactory (0 0 C:\Users\skaffenb\Pictures\Turkey2.png)
[2019.11.12-00.28.11:415][ 79]LogTexture: Display: Building textures: Turkey2 (BGRA8, 1193X971)
[2019.11.12-00.31.13:526][851]LogEditorViewport: Clicking on Actor (LMB): 2DSideScrollerCharacter_C (2DSideScrollerCharacter)
[2019.11.12-00.31.14:122][913]LogEditorViewport: Clicking on Actor (LMB): 2DSideScrollerCharacter_C (2DSideScrollerCharacter)
[2019.11.12-00.31.14:204][921]LogEditorViewport: Clicking on Component (LMB): PaperFlipbookComponent (Sprite0)
[2019.11.12-00.31.14:866][998]LogSlate: FSceneViewport::OnFocusLost() reason 0
[2019.11.12-00.31.16:941][245]LogAssetEditorManager: Opening Asset editor for Blueprint /Game/2DSideScrollerBP/Blueprints/2DSideScrollerCharacter.2DSideScrollerCharacter
[2019.11.12-00.31.17:213][245]LogContentBrowser: Native class hierarchy updated for 'BlueprintGraph' in 0.0004 seconds. Added 121 classes and 0 folders.
[2019.11.12-00.31.17:909][245]LogSlate: Took 0.000348 seconds to synchronously load lazily loaded font '../../../Engine/Content/Slate/Fonts/Roboto-BoldCondensed.ttf' (158K)
[2019.11.12-00.31.21:513][638]LogSlate: Took 0.000331 seconds to synchronously load lazily loaded font '../../../Engine/Content/Slate/Fonts/Roboto-Italic.ttf' (157K)
[2019.11.12-00.32.11:110][817]LogSlate: Warning: Ignoring SetUserFocus because it's not an active modal Window (user 0 not set to SAssetView [SContentBrowser.cpp(685)].
[2019.11.12-00.32.39:068][831]BlueprintLog: New page: Compile 2DSideScrollerCharacter
[2019.11.12-00.32.39:267][831]LogUObjectHash: Compacting FUObjectHashTables data took   2.77ms
[2019.11.12-00.32.41:886][106]LogTemp: Repeating last play command: Selected Viewport
[2019.11.12-00.32.41:898][106]LogBlueprintUserMessages: Early PlayInEditor Detection: Level '/Game/2DSideScrollerBP/Maps/2DSideScrollerExampleMap.2DSideScrollerExampleMap:PersistentLevel' has LevelScriptBlueprint '/Game/2DSideScrollerBP/Maps/2DSideScrollerExampleMap.2DSideScrollerExampleMap:PersistentLevel.2DSideScrollerExampleMap' with GeneratedClass '/Game/2DSideScrollerBP/Maps/2DSideScrollerExampleMap.2DSideScrollerExampleMap_C' with ClassGeneratedBy '/Game/2DSideScrollerBP/Maps/2DSideScrollerExampleMap.2DSideScrollerExampleMap:PersistentLevel.2DSideScrollerExampleMap'
[2019.11.12-00.32.41:898][106]LogPlayLevel: PlayLevel: No blueprints needed recompiling
[2019.11.12-00.32.41:975][106]PIE: New page: PIE session: 2DSideScrollerExampleMap (Nov 11, 2019, 2:32:41 PM)
[2019.11.12-00.32.41:976][106]LogOnline: OSS: Creating online subsystem instance for: NULL
[2019.11.12-00.32.41:977][106]LogPlayLevel: Creating play world package: /Game/2DSideScrollerBP/Maps/UEDPIE_0_2DSideScrollerExampleMap
[2019.11.12-00.32.41:979][106]LogPlayLevel: PIE: StaticDuplicateObject took: (0.002363s)
[2019.11.12-00.32.41:980][106]LogAIModule: Creating AISystem for world 2DSideScrollerExampleMap
[2019.11.12-00.32.41:980][106]LogPlayLevel: PIE: World Init took: (0.000821s)
[2019.11.12-00.32.41:980][106]LogPlayLevel: PIE: Created PIE world by copying editor world from /Game/2DSideScrollerBP/Maps/2DSideScrollerExampleMap.2DSideScrollerExampleMap to /Game/2DSideScrollerBP/Maps/UEDPIE_0_2DSideScrollerExampleMap.2DSideScrollerExampleMap (0.003434s)
[2019.11.12-00.32.42:004][106]LogUObjectHash: Compacting FUObjectHashTables data took   2.86ms
[2019.11.12-00.32.42:046][106]LogInit: XAudio2 using 'Speakers (USB Audio Device)' : 2 channels at 48 kHz using 16 bits per sample (channel mask 0x3)
[2019.11.12-00.32.42:061][106]LogInit: FAudioDevice initialized.
[2019.11.12-00.32.42:069][106]LogLoad: Game class is '2DSideScrollerGameMode_C'
[2019.11.12-00.32.42:115][106]LogWorld: Bringing World /Game/2DSideScrollerBP/Maps/UEDPIE_0_2DSideScrollerExampleMap.2DSideScrollerExampleMap up for play (max tick rate 0) at 2019.11.11-19.32.42
[2019.11.12-00.32.42:115][106]LogWorld: Bringing up level for play took: 0.001889
[2019.11.12-00.32.42:116][106]LogOnline: OSS: Creating online subsystem instance for: :Context_3
[2019.11.12-00.32.42:157][106]LogContentBrowser: Native class hierarchy updated for 'MovieSceneCapture' in 0.0002 seconds. Added 20 classes and 0 folders.
[2019.11.12-00.32.42:158][106]PIE: Play in editor start time for /Game/2DSideScrollerBP/Maps/UEDPIE_0_2DSideScrollerExampleMap 1.064
[2019.11.12-00.32.42:158][106]LogBlueprintUserMessages: Late PlayInEditor Detection: Level '/Game/2DSideScrollerBP/Maps/2DSideScrollerExampleMap.2DSideScrollerExampleMap:PersistentLevel' has LevelScriptBlueprint '/Game/2DSideScrollerBP/Maps/2DSideScrollerExampleMap.2DSideScrollerExampleMap:PersistentLevel.2DSideScrollerExampleMap' with GeneratedClass '/Game/2DSideScrollerBP/Maps/2DSideScrollerExampleMap.2DSideScrollerExampleMap_C' with ClassGeneratedBy '/Game/2DSideScrollerBP/Maps/2DSideScrollerExampleMap.2DSideScrollerExampleMap:PersistentLevel.2DSideScrollerExampleMap'
[2019.11.12-00.32.49:637][975]LogBlueprintUserMessages: Early EndPlayMap Detection: Level '/Game/2DSideScrollerBP/Maps/2DSideScrollerExampleMap.2DSideScrollerExampleMap:PersistentLevel' has LevelScriptBlueprint '/Game/2DSideScrollerBP/Maps/2DSideScrollerExampleMap.2DSideScrollerExampleMap:PersistentLevel.2DSideScrollerExampleMap' with GeneratedClass '/Game/2DSideScrollerBP/Maps/2DSideScrollerExampleMap.2DSideScrollerExampleMap_C' with ClassGeneratedBy '/Game/2DSideScrollerBP/Maps/2DSideScrollerExampleMap.2DSideScrollerExampleMap:PersistentLevel.2DSideScrollerExampleMap'
[2019.11.12-00.32.49:637][975]LogSlate: Updating window title bar state: overlay mode, drag disabled, window buttons hidden, title bar hidden
[2019.11.12-00.32.49:637][975]LogWorld: BeginTearingDown for /Game/2DSideScrollerBP/Maps/UEDPIE_0_2DSideScrollerExampleMap
[2019.11.12-00.32.49:637][975]LogWorld: UWorld::CleanupWorld for 2DSideScrollerExampleMap, bSessionEnded=true, bCleanupResources=true
[2019.11.12-00.32.49:653][975]LogPlayLevel: Display: Shutting down PIE online subsystems
[2019.11.12-00.32.49:653][975]LogBlueprintUserMessages: Late EndPlayMap Detection: Level '/Game/2DSideScrollerBP/Maps/2DSideScrollerExampleMap.2DSideScrollerExampleMap:PersistentLevel' has LevelScriptBlueprint '/Game/2DSideScrollerBP/Maps/2DSideScrollerExampleMap.2DSideScrollerExampleMap:PersistentLevel.2DSideScrollerExampleMap' with GeneratedClass '/Game/2DSideScrollerBP/Maps/2DSideScrollerExampleMap.2DSideScrollerExampleMap_C' with ClassGeneratedBy '/Game/2DSideScrollerBP/Maps/2DSideScrollerExampleMap.2DSideScrollerExampleMap:PersistentLevel.2DSideScrollerExampleMap'
[2019.11.12-00.32.49:688][975]LogSlate: Updating window title bar state: overlay mode, drag disabled, window buttons hidden, title bar hidden
[2019.11.12-00.32.49:705][975]LogUObjectHash: Compacting FUObjectHashTables data took   3.23ms
[2019.11.12-00.32.49:743][979]LogPlayLevel: Display: Destroying online subsystem :Context_3
[2019.11.12-00.32.53:639][446]LogEditorViewport: Clicking on Actor (LMB): PaperSpriteActor (Background_Sprite)
[2019.11.12-00.32.54:180][507]LogEditorViewport: Clicking on Actor (LMB): 2DSideScrollerCharacter_C (2DSideScrollerCharacter)
[2019.11.12-00.32.57:847][940]LogSlate: FSceneViewport::OnFocusLost() reason 2
[2019.11.12-00.32.59:954][190]LogSlate: FSceneViewport::OnFocusLost() reason 0
[2019.11.12-00.33.04:714][696]LogRenderer: Reallocating scene render targets to support 1056x868 Format 10 NumSamples 1 (Frame:1).
[2019.11.12-00.33.08:973][ 96]LogSlate: FSceneViewport::OnFocusLost() reason 2
[2019.11.12-00.33.58:496][161]LogSlate: FSceneViewport::OnFocusLost() reason 0
[2019.11.12-00.34.49:938][260]LogSlate: FSceneViewport::OnFocusLost() reason 0
[2019.11.12-00.34.50:018][268]BlueprintLog: New page: Compile 2DSideScrollerCharacter
[2019.11.12-00.34.50:293][268]LogUObjectHash: Compacting FUObjectHashTables data took   3.91ms
[2019.11.12-00.34.55:297][747]LogSlate: FSceneViewport::OnFocusLost() reason 0
[2019.11.12-00.34.56:464][884]LogSlate: FSceneViewport::OnFocusLost() reason 0
[2019.11.12-00.34.56:547][894]LogTemp: Repeating last play command: Selected Viewport
[2019.11.12-00.34.56:551][894]LogBlueprintUserMessages: Early PlayInEditor Detection: Level '/Game/2DSideScrollerBP/Maps/2DSideScrollerExampleMap.2DSideScrollerExampleMap:PersistentLevel' has LevelScriptBlueprint '/Game/2DSideScrollerBP/Maps/2DSideScrollerExampleMap.2DSideScrollerExampleMap:PersistentLevel.2DSideScrollerExampleMap' with GeneratedClass '/Game/2DSideScrollerBP/Maps/2DSideScrollerExampleMap.2DSideScrollerExampleMap_C' with ClassGeneratedBy '/Game/2DSideScrollerBP/Maps/2DSideScrollerExampleMap.2DSideScrollerExampleMap:PersistentLevel.2DSideScrollerExampleMap'
[2019.11.12-00.34.56:551][894]LogPlayLevel: PlayLevel: No blueprints needed recompiling
[2019.11.12-00.34.56:551][894]PIE: New page: PIE session: 2DSideScrollerExampleMap (Nov 11, 2019, 2:34:56 PM)
[2019.11.12-00.34.56:551][894]LogPlayLevel: Creating play world package: /Game/2DSideScrollerBP/Maps/UEDPIE_0_2DSideScrollerExampleMap
[2019.11.12-00.34.56:553][894]LogPlayLevel: PIE: StaticDuplicateObject took: (0.002282s)
[2019.11.12-00.34.56:554][894]LogAIModule: Creating AISystem for world 2DSideScrollerExampleMap
[2019.11.12-00.34.56:554][894]LogPlayLevel: PIE: World Init took: (0.000794s)
[2019.11.12-00.34.56:554][894]LogPlayLevel: PIE: Created PIE world by copying editor world from /Game/2DSideScrollerBP/Maps/2DSideScrollerExampleMap.2DSideScrollerExampleMap to /Game/2DSideScrollerBP/Maps/UEDPIE_0_2DSideScrollerExampleMap.2DSideScrollerExampleMap (0.003165s)
[2019.11.12-00.34.56:584][894]LogUObjectHash: Compacting FUObjectHashTables data took   3.38ms
[2019.11.12-00.34.56:621][894]LogInit: XAudio2 using 'Speakers (USB Audio Device)' : 2 channels at 48 kHz using 16 bits per sample (channel mask 0x3)
[2019.11.12-00.34.56:633][894]LogInit: FAudioDevice initialized.
[2019.11.12-00.34.56:638][894]LogLoad: Game class is '2DSideScrollerGameMode_C'
[2019.11.12-00.34.56:639][894]LogWorld: Bringing World /Game/2DSideScrollerBP/Maps/UEDPIE_0_2DSideScrollerExampleMap.2DSideScrollerExampleMap up for play (max tick rate 0) at 2019.11.11-19.34.56
[2019.11.12-00.34.56:640][894]LogWorld: Bringing up level for play took: 0.000730
[2019.11.12-00.34.56:640][894]LogOnline: OSS: Creating online subsystem instance for: :Context_4
[2019.11.12-00.34.56:641][894]PIE: Play in editor start time for /Game/2DSideScrollerBP/Maps/UEDPIE_0_2DSideScrollerExampleMap -0.447
[2019.11.12-00.34.56:642][894]LogBlueprintUserMessages: Late PlayInEditor Detection: Level '/Game/2DSideScrollerBP/Maps/2DSideScrollerExampleMap.2DSideScrollerExampleMap:PersistentLevel' has LevelScriptBlueprint '/Game/2DSideScrollerBP/Maps/2DSideScrollerExampleMap.2DSideScrollerExampleMap:PersistentLevel.2DSideScrollerExampleMap' with GeneratedClass '/Game/2DSideScrollerBP/Maps/2DSideScrollerExampleMap.2DSideScrollerExampleMap_C' with ClassGeneratedBy '/Game/2DSideScrollerBP/Maps/2DSideScrollerExampleMap.2DSideScrollerExampleMap:PersistentLevel.2DSideScrollerExampleMap'
[2019.11.12-00.35.08:741][345]LogBlueprintUserMessages: Early EndPlayMap Detection: Level '/Game/2DSideScrollerBP/Maps/2DSideScrollerExampleMap.2DSideScrollerExampleMap:PersistentLevel' has LevelScriptBlueprint '/Game/2DSideScrollerBP/Maps/2DSideScrollerExampleMap.2DSideScrollerExampleMap:PersistentLevel.2DSideScrollerExampleMap' with GeneratedClass '/Game/2DSideScrollerBP/Maps/2DSideScrollerExampleMap.2DSideScrollerExampleMap_C' with ClassGeneratedBy '/Game/2DSideScrollerBP/Maps/2DSideScrollerExampleMap.2DSideScrollerExampleMap:PersistentLevel.2DSideScrollerExampleMap'
[2019.11.12-00.35.08:741][345]LogSlate: Updating window title bar state: overlay mode, drag disabled, window buttons hidden, title bar hidden
[2019.11.12-00.35.08:741][345]LogWorld: BeginTearingDown for /Game/2DSideScrollerBP/Maps/UEDPIE_0_2DSideScrollerExampleMap
[2019.11.12-00.35.08:741][345]LogWorld: UWorld::CleanupWorld for 2DSideScrollerExampleMap, bSessionEnded=true, bCleanupResources=true
[2019.11.12-00.35.08:748][345]LogPlayLevel: Display: Shutting down PIE online subsystems
[2019.11.12-00.35.08:748][345]LogBlueprintUserMessages: Late EndPlayMap Detection: Level '/Game/2DSideScrollerBP/Maps/2DSideScrollerExampleMap.2DSideScrollerExampleMap:PersistentLevel' has LevelScriptBlueprint '/Game/2DSideScrollerBP/Maps/2DSideScrollerExampleMap.2DSideScrollerExampleMap:PersistentLevel.2DSideScrollerExampleMap' with GeneratedClass '/Game/2DSideScrollerBP/Maps/2DSideScrollerExampleMap.2DSideScrollerExampleMap_C' with ClassGeneratedBy '/Game/2DSideScrollerBP/Maps/2DSideScrollerExampleMap.2DSideScrollerExampleMap:PersistentLevel.2DSideScrollerExampleMap'
[2019.11.12-00.35.08:786][345]LogSlate: Updating window title bar state: overlay mode, drag disabled, window buttons hidden, title bar hidden
[2019.11.12-00.35.08:790][345]LogUObjectHash: Compacting FUObjectHashTables data took   2.64ms
[2019.11.12-00.35.08:845][351]LogPlayLevel: Display: Destroying online subsystem :Context_4
[2019.11.12-00.35.10:119][503]LogSlate: FSceneViewport::OnFocusLost() reason 5
[2019.11.12-00.35.11:173][626]LogUObjectHash: Compacting FUObjectHashTables data took   1.19ms
[2019.11.12-00.35.11:179][626]LogSlate: FSceneViewport::OnFocusLost() reason 5
[2019.11.12-00.35.11:219][626]LogUObjectHash: Compacting FUObjectHashTables data took   0.91ms
[2019.11.12-00.35.11:396][626]LogSavePackage: Moving '../../../../../../Users/skaffenb/Documents/Unreal Projects/Torkey/Saved/2DSideScrollerExampleMapD0B5CD7946D83A93F6EE3CA7742CA80C.tmp' to '../../../../../../Users/skaffenb/Documents/Unreal Projects/Torkey/Content/2DSideScrollerBP/Maps/2DSideScrollerExampleMap.umap'
[2019.11.12-00.35.11:406][626]LogFileHelpers: Saving map '2DSideScrollerExampleMap' took 0.219
[2019.11.12-00.35.11:438][626]LogSavePackage: Moving '../../../../../../Users/skaffenb/Documents/Unreal Projects/Torkey/Saved/2DSideScrollerCharacter52DED1754E7F5142F5E05784A3FD098E.tmp' to '../../../../../../Users/skaffenb/Documents/Unreal Projects/Torkey/Content/2DSideScrollerBP/Blueprints/2DSideScrollerCharacter.uasset'
[2019.11.12-00.35.11:448][626]Cmd: OBJ SAVEPACKAGE PACKAGE="/Game/Characters/Turkey2" FILE="../../../../../../Users/skaffenb/Documents/Unreal Projects/Torkey/Content/Characters/Turkey2.uasset" SILENT=true
[2019.11.12-00.35.11:504][626]LogSavePackage: Moving '../../../../../../Users/skaffenb/Documents/Unreal Projects/Torkey/Saved/Turkey275A8BC8745835A6ED81EC4B58494DBD1.tmp' to '../../../../../../Users/skaffenb/Documents/Unreal Projects/Torkey/Content/Characters/Turkey2.uasset'
[2019.11.12-00.35.11:516][626]Cmd: OBJ SAVEPACKAGE PACKAGE="/Game/Characters/Turkey2_Sprite" FILE="../../../../../../Users/skaffenb/Documents/Unreal Projects/Torkey/Content/Characters/Turkey2_Sprite.uasset" SILENT=true
[2019.11.12-00.35.11:522][626]LogSavePackage: Moving '../../../../../../Users/skaffenb/Documents/Unreal Projects/Torkey/Saved/Turkey2_Sprite2F732F694006B7E0803F3BB2B19D4F03.tmp' to '../../../../../../Users/skaffenb/Documents/Unreal Projects/Torkey/Content/Characters/Turkey2_Sprite.uasset'
[2019.11.12-00.35.11:535][626]Cmd: OBJ SAVEPACKAGE PACKAGE="/Game/Characters/Turkey" FILE="../../../../../../Users/skaffenb/Documents/Unreal Projects/Torkey/Content/Characters/Turkey.uasset" SILENT=true
[2019.11.12-00.35.11:541][626]LogSavePackage: Moving '../../../../../../Users/skaffenb/Documents/Unreal Projects/Torkey/Saved/Turkey895C8E68431CE54FC495488BE21EA81D.tmp' to '../../../../../../Users/skaffenb/Documents/Unreal Projects/Torkey/Content/Characters/Turkey.uasset'
